Case #1: CAB
Case #2: MJA
Case #3: OCDE
Case #4: BBAAA
Case #5: CCCABBBAB
Case #6: CCCBAABAB
Case #7: ZXCASDQWE
Case #8: CCCCCBBBBBAAAAA
Case #9: CCCCCCCAABABBBB
Case #10: CBBAAAAAAAAAAA
Case #11: YYNBSFWGFBQFJDH
Case #12: BB
Case #13: CCCCCBABBBABAAB
Case #14: CCABBABAABBAAAB
Case #15: ZABYCXDWEU
Case #16: XVQNTHMSWJDVDJR
Case #17: DCCBBBAAAAAAA
Case #18: CCCCCCCAAAAAAAB
Case #19: BAAA
Case #20: CBA
Case #21: BBBBBAAAAAAAA
Case #22: BA
Case #23: CCCCCBBBBBAAAAA
Case #24: AAA
Case #25: ZEDCBAYXWU
Case #26: ONJAFCMKGLEDBIH
Case #27: ONJBLMDKIHGFCEA
Case #28: CCCCBAABBBAAABA
Case #29: BAAA
Case #30: OCMJEKGFAHDLINB
Case #31: BA
Case #32: BAA
Case #33: OMKLNJIHGFEBCDA
Case #34: CCCCBAABABBABAA
Case #35: CCCCCABBBBBAAAA
Case #36: DCBBBBBAAABBAB
Case #37: BAAA
Case #38: CCCCCABABAAAAAA
Case #39: DCCCBBAABCCBA
Case #40: CAB
Case #41: ODBACNKJIHGEMFL
Case #42: ZABCD
Case #43: AA
Case #44: CCCCCBBABBAABAA
Case #45: CBA
Case #46: CBBBBBBAAAAAAA
Case #47: CCCCCBBBBBAAAAA
Case #48: ONKEDLHABCJGIMF
Case #49: CBA
Case #50: A
Case #51: CCCCCBBBBAAAAAB
Case #52: RRBAACADABA
Case #53: CCCCCBABABABAAB
Case #54: ZAYBXCWDUE
Case #55: ZADBC
Case #56: DCBBBBBAAAAAAA
Case #57: CBBBBAAAAAAAA
Case #58: ONCBDEFGHIJKLMA
Case #59: CCCCCABBBAABBAA
Case #60: BAA
Case #61: CCCCCBBBBBAAAAA
Case #62: MMJICABDEFGHKLA
Case #63: OMLJIHKEGFNDCBA
Case #64: BBB
Case #65: MMABDEFGHIKALJC
Case #66: CCCCAABBBBBBBAA
Case #67: MMJHFBACDEGIKLA
Case #68: CCCCCCBAABBABAB
Case #69: BAA
Case #70: ZAAAA
Case #71: YXTHGRNWDKRWDHL
Case #72: Z
Case #73: CCCCCBBBBBAAAAA
Case #74: CCCCCAABBBBBAAA
Case #75: ZDABC
Case #76: CCCBBBAAAAAABB
Case #77: DCCCCBBAAAAAAA
Case #78: MMLKHGFEBAJIDCA
Case #79: CCCCCBBBBBAAAAA
Case #80: CCCCBBAAABBAAAA
Case #81: BBA
Case #82: CCCCCBBBABAAAAB
Case #83: ZDCBA
Case #84: CCBAAAAAAAAAB
Case #85: BAAA
Case #86: CBA
Case #87: XKFVSQRHTLHVHWR
Case #88: ONIFKJCHBLEMDGA
Case #89: MMHIJLAKGFEDCBA
Case #90: CCCCCCCCABBBBAA
Case #91: CCCCCBBBBAAAAAB
Case #92: MMLAJIHCBADEFGK
Case #93: ZACBA
Case #94: CCCCBBABABBBAAA
Case #95: BBA
Case #96: OAIDGFEHBJKLMNC
Case #97: CCCBBBBBAABBAAA
Case #98: YRWGQMFPHMMFQVR
Case #99: CCCCCBBBBBAAAAA
Case #100: BBA
